<?xml version="1.0" encoding="UTF-8"?>
<!-- Generated by org.testng.reporters.JUnitReportReporter -->
<testsuite hostname="harish-jangam-criodo" failures="0" tests="11" name="QKART_TESTNG.QKART_Tests" time="299.320" errors="0" timestamp="2024-01-05T12:02:39 IST" skipped="0">
  <testcase classname="QKART_TESTNG.QKART_Tests" name="TestCase01" time="15.539"/>
  <system-out/>
  <testcase classname="QKART_TESTNG.QKART_Tests" name="TestCase02" time="34.524"/>
  <system-out/>
  <testcase classname="QKART_TESTNG.QKART_Tests" name="TestCase03" time="7.461"/>
  <system-out/>
  <testcase classname="QKART_TESTNG.QKART_Tests" name="TestCase04" time="13.708"/>
  <system-out/>
  <testcase classname="QKART_TESTNG.QKART_Tests" name="TestCase05" time="30.450"/>
  <system-out/>
  <testcase classname="QKART_TESTNG.QKART_Tests" name="TestCase06" time="44.989"/>
  <system-out/>
  <testcase classname="QKART_TESTNG.QKART_Tests" name="TestCase07" time="80.142"/>
  <system-out/>
  <testcase classname="QKART_TESTNG.QKART_Tests" name="TestCase08" time="21.637"/>
  <system-out/>
  <testcase classname="QKART_TESTNG.QKART_Tests" name="TestCase09" time="15.617"/>
  <system-out/>
  <testcase classname="QKART_TESTNG.QKART_Tests" name="TestCase10" time="3.917"/>
  <system-out/>
  <testcase classname="QKART_TESTNG.QKART_Tests" name="TestCase11" time="31.336"/>
  <system-out/>
</testsuite> <!-- QKART_TESTNG.QKART_Tests -->
